Analysis & Synthesis report for spi
Tue May 09 15:54:00 2017
Quartus II 64-Bit Version 13.1.0 Build 162 10/23/2013 SJ Full Version


---------------------
; Table of Contents ;
---------------------
  1. Legal Notice
  2. Analysis & Synthesis Summary
  3. Analysis & Synthesis Settings
  4. Parallel Compilation
  5. Analysis & Synthesis Source Files Read
  6. Analysis & Synthesis Resource Usage Summary
  7. Analysis & Synthesis Resource Utilization by Entity
  8. Analysis & Synthesis RAM Summary
  9. Analysis & Synthesis IP Cores Summary
 10. State Machine - |spi_ctrl|state
 11. General Register Statistics
 12. Inverted Register Statistics
 13. Multiplexer Restructuring Statistics (Restructuring Performed)
 14. Source assignments for ram_16_32_sr:ram_16_32_sr_inst|altsyncram:altsyncram_component|altsyncram_7ji1:auto_generated
 15. Parameter Settings for User Entity Instance: Top-level Entity: |spi_ctrl
 16. Parameter Settings for User Entity Instance: ram_16_32_sr:ram_16_32_sr_inst|altsyncram:altsyncram_component
 17. altsyncram Parameter Settings by Entity Instance
 18. Port Connectivity Checks: "ram_16_32_sr:ram_16_32_sr_inst"
 19. Elapsed Time Per Partition
 20. Analysis & Synthesis Messages



----------------
; Legal Notice ;
----------------
Copyright (C) 1991-2013 Altera Corporation
Your use of Altera Corporation's design tools, logic functions 
and other software and tools, and its AMPP partner logic 
functions, and any output files from any of the foregoing 
(including device programming or simulation files), and any 
associated documentation or information are expressly subject 
to the terms and conditions of the Altera Program License 
Subscription Agreement, Altera MegaCore Function License 
Agreement, or other applicable license agreement, including, 
without limitation, that your use is for the sole purpose of 
programming logic devices manufactured by Altera and sold by 
Altera or its authorized distributors.  Please refer to the 
applicable agreement for further details.



+----------------------------------------------------------------------------------+
; Analysis & Synthesis Summary                                                     ;
+------------------------------------+---------------------------------------------+
; Analysis & Synthesis Status        ; Successful - Tue May 09 15:54:00 2017       ;
; Quartus II 64-Bit Version          ; 13.1.0 Build 162 10/23/2013 SJ Full Version ;
; Revision Name                      ; spi                                         ;
; Top-level Entity Name              ; spi_ctrl                                    ;
; Family                             ; Cyclone IV E                                ;
; Total logic elements               ; 62                                          ;
;     Total combinational functions  ; 61                                          ;
;     Dedicated logic registers      ; 46                                          ;
; Total registers                    ; 46                                          ;
; Total pins                         ; 8                                           ;
; Total virtual pins                 ; 0                                           ;
; Total memory bits                  ; 512                                         ;
; Embedded Multiplier 9-bit elements ; 0                                           ;
; Total PLLs                         ; 0                                           ;
+------------------------------------+---------------------------------------------+


+----------------------------------------------------------------------------------------------------------------------+
; Analysis & Synthesis Settings                                                                                        ;
+----------------------------------------------------------------------------+--------------------+--------------------+
; Option                                                                     ; Setting            ; Default Value      ;
+----------------------------------------------------------------------------+--------------------+--------------------+
; Device                                                                     ; EP4CE6E22A7        ;                    ;
; Top-level entity name                                                      ; spi_ctrl           ; spi                ;
; Family name                                                                ; Cyclone IV E       ; Cyclone IV GX      ;
; Use smart compilation                                                      ; Off                ; Off                ;
; Enable parallel Assembler and TimeQuest Timing Analyzer during compilation ; On                 ; On                 ;
; Enable compact report table                                                ; Off                ; Off                ;
; Restructure Multiplexers                                                   ; Auto               ; Auto               ;
; Create Debugging Nodes for IP Cores                                        ; Off                ; Off                ;
; Preserve fewer node names                                                  ; On                 ; On                 ;
; Disable OpenCore Plus hardware evaluation                                  ; Off                ; Off                ;
; Verilog Version                                                            ; Verilog_2001       ; Verilog_2001       ;
; VHDL Version                                                               ; VHDL_1993          ; VHDL_1993          ;
; State Machine Processing                                                   ; Auto               ; Auto               ;
; Safe State Machine                                                         ; Off                ; Off                ;
; Extract Verilog State Machines                                             ; On                 ; On                 ;
; Extract VHDL State Machines                                                ; On                 ; On                 ;
; Ignore Verilog initial constructs                                          ; Off                ; Off                ;
; Iteration limit for constant Verilog loops                                 ; 5000               ; 5000               ;
; Iteration limit for non-constant Verilog loops                             ; 250                ; 250                ;
; Add Pass-Through Logic to Inferred RAMs                                    ; On                 ; On                 ;
; Infer RAMs from Raw Logic                                                  ; On                 ; On                 ;
; Parallel Synthesis                                                         ; On                 ; On                 ;
; DSP Block Balancing                                                        ; Auto               ; Auto               ;
; NOT Gate Push-Back                                                         ; On                 ; On                 ;
; Power-Up Don't Care                                                        ; On                 ; On                 ;
; Remove Redundant Logic Cells                                               ; Off                ; Off                ;
; Remove Duplicate Registers                                                 ; On                 ; On                 ;
; Ignore CARRY Buffers                                                       ; Off                ; Off                ;
; Ignore CASCADE Buffers                                                     ; Off                ; Off                ;
; Ignore GLOBAL Buffers                                                      ; Off                ; Off                ;
; Ignore ROW GLOBAL Buffers                                                  ; Off                ; Off                ;
; Ignore LCELL Buffers                                                       ; Off                ; Off                ;
; Ignore SOFT Buffers                                                        ; On                 ; On                 ;
; Limit AHDL Integers to 32 Bits                                             ; Off                ; Off                ;
; Optimization Technique                                                     ; Balanced           ; Balanced           ;
; Carry Chain Length                                                         ; 70                 ; 70                 ;
; Auto Carry Chains                                                          ; On                 ; On                 ;
; Auto Open-Drain Pins                                                       ; On                 ; On                 ;
; Perform WYSIWYG Primitive Resynthesis                                      ; Off                ; Off                ;
; Auto ROM Replacement                                                       ; On                 ; On                 ;
; Auto RAM Replacement                                                       ; On                 ; On                 ;
; Auto DSP Block Replacement                                                 ; On                 ; On                 ;
; Auto Shift Register Replacement                                            ; Auto               ; Auto               ;
; Allow Shift Register Merging across Hierarchies                            ; Auto               ; Auto               ;
; Auto Clock Enable Replacement                                              ; On                 ; On                 ;
; Strict RAM Replacement                                                     ; Off                ; Off                ;
; Allow Synchronous Control Signals                                          ; On                 ; On                 ;
; Force Use of Synchronous Clear Signals                                     ; Off                ; Off                ;
; Auto RAM Block Balancing                                                   ; On                 ; On                 ;
; Auto RAM to Logic Cell Conversion                                          ; Off                ; Off                ;
; Auto Resource Sharing                                                      ; Off                ; Off                ;
; Allow Any RAM Size For Recognition                                         ; Off                ; Off                ;
; Allow Any ROM Size For Recognition                                         ; Off                ; Off                ;
; Allow Any Shift Register Size For Recognition                              ; Off                ; Off                ;
; Use LogicLock Constraints during Resource Balancing                        ; On                 ; On                 ;
; Ignore translate_off and synthesis_off directives                          ; Off                ; Off                ;
; Timing-Driven Synthesis                                                    ; On                 ; On                 ;
; Report Parameter Settings                                                  ; On                 ; On                 ;
; Report Source Assignments                                                  ; On                 ; On                 ;
; Report Connectivity Checks                                                 ; On                 ; On                 ;
; Ignore Maximum Fan-Out Assignments                                         ; Off                ; Off                ;
; Synchronization Register Chain Length                                      ; 2                  ; 2                  ;
; PowerPlay Power Optimization                                               ; Normal compilation ; Normal compilation ;
; HDL message level                                                          ; Level2             ; Level2             ;
; Suppress Register Optimization Related Messages                            ; Off                ; Off                ;
; Number of Removed Registers Reported in Synthesis Report                   ; 5000               ; 5000               ;
; Number of Swept Nodes Reported in Synthesis Report                         ; 5000               ; 5000               ;
; Number of Inverted Registers Reported in Synthesis Report                  ; 100                ; 100                ;
; Clock MUX Protection                                                       ; On                 ; On                 ;
; Auto Gated Clock Conversion                                                ; Off                ; Off                ;
; Block Design Naming                                                        ; Auto               ; Auto               ;
; SDC constraint protection                                                  ; Off                ; Off                ;
; Synthesis Effort                                                           ; Auto               ; Auto               ;
; Shift Register Replacement - Allow Asynchronous Clear Signal               ; On                 ; On                 ;
; Pre-Mapping Resynthesis Optimization                                       ; Off                ; Off                ;
; Analysis & Synthesis Message Level                                         ; Medium             ; Medium             ;
; Disable Register Merging Across Hierarchies                                ; Auto               ; Auto               ;
; Resource Aware Inference For Block RAM                                     ; On                 ; On                 ;
; Synthesis Seed                                                             ; 1                  ; 1                  ;
+----------------------------------------------------------------------------+--------------------+--------------------+


+------------------------------------------+
; Parallel Compilation                     ;
+----------------------------+-------------+
; Processors                 ; Number      ;
+----------------------------+-------------+
; Number detected on machine ; 4           ;
; Maximum allowed            ; 2           ;
;                            ;             ;
; Average used               ; 1.00        ;
; Maximum used               ; 1           ;
;                            ;             ;
; Usage by Processor         ; % Time Used ;
;     Processor 1            ; 100.0%      ;
;     Processors 2-4         ;   0.0%      ;
+----------------------------+-------------+


+------------------------------------------------------------------------------------------------------------------------------------------------------------------------+
; Analysis & Synthesis Source Files Read                                                                                                                                 ;
+----------------------------------+-----------------+----------------------------------+----------------------------------------------------------------------+---------+
; File Name with User-Entered Path ; Used in Netlist ; File Type                        ; File Name with Absolute Path                                         ; Library ;
+----------------------------------+-----------------+----------------------------------+----------------------------------------------------------------------+---------+
; ../design/spi_ctrl.v             ; yes             ; User Verilog HDL File            ; E:/Verilog/Project/SPI/design/spi_ctrl.v                             ;         ;
; ipcore_dir/ram_16_32_sr.mif      ; yes             ; User Memory Initialization File  ; E:/Verilog/Project/SPI/quartus_prj/ipcore_dir/ram_16_32_sr.mif       ;         ;
; ipcore_dir/ram_16_32_sr.v        ; yes             ; User Wizard-Generated File       ; E:/Verilog/Project/SPI/quartus_prj/ipcore_dir/ram_16_32_sr.v         ;         ;
; altsyncram.tdf                   ; yes             ; Megafunction                     ; f:/altera/13.1/quartus/libraries/megafunctions/altsyncram.tdf        ;         ;
; stratix_ram_block.inc            ; yes             ; Megafunction                     ; f:/altera/13.1/quartus/libraries/megafunctions/stratix_ram_block.inc ;         ;
; lpm_mux.inc                      ; yes             ; Megafunction                     ; f:/altera/13.1/quartus/libraries/megafunctions/lpm_mux.inc           ;         ;
; lpm_decode.inc                   ; yes             ; Megafunction                     ; f:/altera/13.1/quartus/libraries/megafunctions/lpm_decode.inc        ;         ;
; aglobal131.inc                   ; yes             ; Megafunction                     ; f:/altera/13.1/quartus/libraries/megafunctions/aglobal131.inc        ;         ;
; a_rdenreg.inc                    ; yes             ; Megafunction                     ; f:/altera/13.1/quartus/libraries/megafunctions/a_rdenreg.inc         ;         ;
; altrom.inc                       ; yes             ; Megafunction                     ; f:/altera/13.1/quartus/libraries/megafunctions/altrom.inc            ;         ;
; altram.inc                       ; yes             ; Megafunction                     ; f:/altera/13.1/quartus/libraries/megafunctions/altram.inc            ;         ;
; altdpram.inc                     ; yes             ; Megafunction                     ; f:/altera/13.1/quartus/libraries/megafunctions/altdpram.inc          ;         ;
; db/altsyncram_7ji1.tdf           ; yes             ; Auto-Generated Megafunction      ; E:/Verilog/Project/SPI/quartus_prj/db/altsyncram_7ji1.tdf            ;         ;
+----------------------------------+-----------------+----------------------------------+----------------------------------------------------------------------+---------+


+----------------------------------------------------------+
; Analysis & Synthesis Resource Usage Summary              ;
+---------------------------------------------+------------+
; Resource                                    ; Usage      ;
+---------------------------------------------+------------+
; Estimated Total logic elements              ; 62         ;
;                                             ;            ;
; Total combinational functions               ; 61         ;
; Logic element usage by number of LUT inputs ;            ;
;     -- 4 input functions                    ; 13         ;
;     -- 3 input functions                    ; 30         ;
;     -- <=2 input functions                  ; 18         ;
;                                             ;            ;
; Logic elements by mode                      ;            ;
;     -- normal mode                          ; 54         ;
;     -- arithmetic mode                      ; 7          ;
;                                             ;            ;
; Total registers                             ; 46         ;
;     -- Dedicated logic registers            ; 46         ;
;     -- I/O registers                        ; 0          ;
;                                             ;            ;
; I/O pins                                    ; 8          ;
; Total memory bits                           ; 512        ;
; Embedded Multiplier 9-bit elements          ; 0          ;
; Maximum fan-out node                        ; sclk~input ;
; Maximum fan-out                             ; 62         ;
; Total fan-out                               ; 465        ;
; Average fan-out                             ; 3.35       ;
+---------------------------------------------+------------+


+--------------------------------------------------------------------------------------------------------------------------------------------------------------------------------------------------------------------------------------------------------------------------------+
; Analysis & Synthesis Resource Utilization by Entity                                                                                                                                                                                                                            ;
+-------------------------------------------+-------------------+--------------+-------------+--------------+---------+-----------+------+--------------+---------------------------------------------------------------------------------------------------------+--------------+
; Compilation Hierarchy Node                ; LC Combinationals ; LC Registers ; Memory Bits ; DSP Elements ; DSP 9x9 ; DSP 18x18 ; Pins ; Virtual Pins ; Full Hierarchy Name                                                                                     ; Library Name ;
+-------------------------------------------+-------------------+--------------+-------------+--------------+---------+-----------+------+--------------+---------------------------------------------------------------------------------------------------------+--------------+
; |spi_ctrl                                 ; 61 (61)           ; 46 (46)      ; 512         ; 0            ; 0       ; 0         ; 8    ; 0            ; |spi_ctrl                                                                                               ; work         ;
;    |ram_16_32_sr:ram_16_32_sr_inst|       ; 0 (0)             ; 0 (0)        ; 512         ; 0            ; 0       ; 0         ; 0    ; 0            ; |spi_ctrl|ram_16_32_sr:ram_16_32_sr_inst                                                                ; work         ;
;       |altsyncram:altsyncram_component|   ; 0 (0)             ; 0 (0)        ; 512         ; 0            ; 0       ; 0         ; 0    ; 0            ; |spi_ctrl|ram_16_32_sr:ram_16_32_sr_inst|altsyncram:altsyncram_component                                ; work         ;
;          |altsyncram_7ji1:auto_generated| ; 0 (0)             ; 0 (0)        ; 512         ; 0            ; 0       ; 0         ; 0    ; 0            ; |spi_ctrl|ram_16_32_sr:ram_16_32_sr_inst|altsyncram:altsyncram_component|altsyncram_7ji1:auto_generated ; work         ;
+-------------------------------------------+-------------------+--------------+-------------+--------------+---------+-----------+------+--------------+---------------------------------------------------------------------------------------------------------+--------------+
Note: For table entries with two numbers listed, the numbers in parentheses indicate the number of resources of the given type used by the specific entity alone. The numbers listed outside of parentheses indicate the total resources of the given type used by the specific entity and all of its sub-entities in the hierarchy.


+---------------------------------------------------------------------------------------------------------------------------------------------------------------------------------------------------------------------+
; Analysis & Synthesis RAM Summary                                                                                                                                                                                    ;
+----------------------------------------------------------------------------------------------------------+------+-------------+--------------+--------------+--------------+--------------+------+------------------+
; Name                                                                                                     ; Type ; Mode        ; Port A Depth ; Port A Width ; Port B Depth ; Port B Width ; Size ; MIF              ;
+----------------------------------------------------------------------------------------------------------+------+-------------+--------------+--------------+--------------+--------------+------+------------------+
; ram_16_32_sr:ram_16_32_sr_inst|altsyncram:altsyncram_component|altsyncram_7ji1:auto_generated|ALTSYNCRAM ; AUTO ; Single Port ; 32           ; 16           ; --           ; --           ; 512  ; ram_16_32_sr.mif ;
+----------------------------------------------------------------------------------------------------------+------+-------------+--------------+--------------+--------------+--------------+------+------------------+


+-------------------------------------------------------------------------------------------------------------------------------------------------------------------------+
; Analysis & Synthesis IP Cores Summary                                                                                                                                   ;
+--------+--------------+---------+--------------+--------------+------------------------------------------+--------------------------------------------------------------+
; Vendor ; IP Core Name ; Version ; Release Date ; License Type ; Entity Instance                          ; IP Include File                                              ;
+--------+--------------+---------+--------------+--------------+------------------------------------------+--------------------------------------------------------------+
; Altera ; RAM: 1-PORT  ; 13.1    ; N/A          ; N/A          ; |spi_ctrl|ram_16_32_sr:ram_16_32_sr_inst ; E:/Verilog/Project/SPI/quartus_prj/ipcore_dir/ram_16_32_sr.v ;
+--------+--------------+---------+--------------+--------------+------------------------------------------+--------------------------------------------------------------+


Encoding Type:  One-Hot
+--------------------------------------------------------------------------------+
; State Machine - |spi_ctrl|state                                                ;
+-------------+------------+-------------+-------------+------------+------------+
; Name        ; state.STOP ; state.W_REG ; state.R_MEM ; state.WAIT ; state.IDLE ;
+-------------+------------+-------------+-------------+------------+------------+
; state.IDLE  ; 0          ; 0           ; 0           ; 0          ; 0          ;
; state.WAIT  ; 0          ; 0           ; 0           ; 1          ; 1          ;
; state.R_MEM ; 0          ; 0           ; 1           ; 0          ; 1          ;
; state.W_REG ; 0          ; 1           ; 0           ; 0          ; 1          ;
; state.STOP  ; 1          ; 0           ; 0           ; 0          ; 1          ;
+-------------+------------+-------------+-------------+------------+------------+


+------------------------------------------------------+
; General Register Statistics                          ;
+----------------------------------------------+-------+
; Statistic                                    ; Value ;
+----------------------------------------------+-------+
; Total registers                              ; 46    ;
; Number of registers using Synchronous Clear  ; 0     ;
; Number of registers using Synchronous Load   ; 1     ;
; Number of registers using Asynchronous Clear ; 46    ;
; Number of registers using Asynchronous Load  ; 0     ;
; Number of registers using Clock Enable       ; 27    ;
; Number of registers using Preset             ; 0     ;
+----------------------------------------------+-------+


+--------------------------------------------------+
; Inverted Register Statistics                     ;
+----------------------------------------+---------+
; Inverted Register                      ; Fan out ;
+----------------------------------------+---------+
; csn                                    ; 1       ;
; Total number of inverted registers = 1 ;         ;
+----------------------------------------+---------+


+------------------------------------------------------------------------------------------------------------------------------------------+
; Multiplexer Restructuring Statistics (Restructuring Performed)                                                                           ;
+--------------------+-----------+---------------+----------------------+------------------------+------------+----------------------------+
; Multiplexer Inputs ; Bus Width ; Baseline Area ; Area if Restructured ; Saving if Restructured ; Registered ; Example Multiplexer Output ;
+--------------------+-----------+---------------+----------------------+------------------------+------------+----------------------------+
; 3:1                ; 15 bits   ; 30 LEs        ; 15 LEs               ; 15 LEs                 ; Yes        ; |spi_ctrl|shift_buf[15]    ;
; 3:1                ; 4 bits    ; 8 LEs         ; 4 LEs                ; 4 LEs                  ; Yes        ; |spi_ctrl|wait_cnt[3]      ;
; 3:1                ; 4 bits    ; 8 LEs         ; 4 LEs                ; 4 LEs                  ; Yes        ; |spi_ctrl|shift_cnt[3]     ;
; 6:1                ; 2 bits    ; 8 LEs         ; 6 LEs                ; 2 LEs                  ; No         ; |spi_ctrl|Selector2        ;
+--------------------+-----------+---------------+----------------------+------------------------+------------+----------------------------+


+----------------------------------------------------------------------------------------------------------------------+
; Source assignments for ram_16_32_sr:ram_16_32_sr_inst|altsyncram:altsyncram_component|altsyncram_7ji1:auto_generated ;
+---------------------------------+--------------------+------+--------------------------------------------------------+
; Assignment                      ; Value              ; From ; To                                                     ;
+---------------------------------+--------------------+------+--------------------------------------------------------+
; OPTIMIZE_POWER_DURING_SYNTHESIS ; NORMAL_COMPILATION ; -    ; -                                                      ;
+---------------------------------+--------------------+------+--------------------------------------------------------+


+--------------------------------------------------------------------------+
; Parameter Settings for User Entity Instance: Top-level Entity: |spi_ctrl ;
+----------------+----------------------------------+----------------------+
; Parameter Name ; Value                            ; Type                 ;
+----------------+----------------------------------+----------------------+
; IDLE           ; 00001                            ; Unsigned Binary      ;
; WAIT           ; 00010                            ; Unsigned Binary      ;
; R_MEM          ; 00100                            ; Unsigned Binary      ;
; W_REG          ; 01000                            ; Unsigned Binary      ;
; STOP           ; 10000                            ; Unsigned Binary      ;
; H_DIV_CYC      ; 00000000000000000000000000011000 ; Unsigned Binary      ;
+----------------+----------------------------------+----------------------+
Note: In order to hide this table in the UI and the text report file, please set the "Show Parameter Settings in Synthesis Report" option in "Analysis and Synthesis Settings -> More Settings" to "Off".


+-------------------------------------------------------------------------------------------------------------+
; Parameter Settings for User Entity Instance: ram_16_32_sr:ram_16_32_sr_inst|altsyncram:altsyncram_component ;
+------------------------------------+----------------------+-------------------------------------------------+
; Parameter Name                     ; Value                ; Type                                            ;
+------------------------------------+----------------------+-------------------------------------------------+
; BYTE_SIZE_BLOCK                    ; 8                    ; Untyped                                         ;
; AUTO_CARRY_CHAINS                  ; ON                   ; AUTO_CARRY                                      ;
; IGNORE_CARRY_BUFFERS               ; OFF                  ; IGNORE_CARRY                                    ;
; AUTO_CASCADE_CHAINS                ; ON                   ; AUTO_CASCADE                                    ;
; IGNORE_CASCADE_BUFFERS             ; OFF                  ; IGNORE_CASCADE                                  ;
; WIDTH_BYTEENA                      ; 1                    ; Untyped                                         ;
; OPERATION_MODE                     ; SINGLE_PORT          ; Untyped                                         ;
; WIDTH_A                            ; 16                   ; Signed Integer                                  ;
; WIDTHAD_A                          ; 5                    ; Signed Integer                                  ;
; NUMWORDS_A                         ; 32                   ; Signed Integer                                  ;
; OUTDATA_REG_A                      ; UNREGISTERED         ; Untyped                                         ;
; ADDRESS_ACLR_A                     ; NONE                 ; Untyped                                         ;
; OUTDATA_ACLR_A                     ; NONE                 ; Untyped                                         ;
; WRCONTROL_ACLR_A                   ; NONE                 ; Untyped                                         ;
; INDATA_ACLR_A                      ; NONE                 ; Untyped                                         ;
; BYTEENA_ACLR_A                     ; NONE                 ; Untyped                                         ;
; WIDTH_B                            ; 1                    ; Untyped                                         ;
; WIDTHAD_B                          ; 1                    ; Untyped                                         ;
; NUMWORDS_B                         ; 1                    ; Untyped                                         ;
; INDATA_REG_B                       ; CLOCK1               ; Untyped                                         ;
; WRCONTROL_WRADDRESS_REG_B          ; CLOCK1               ; Untyped                                         ;
; RDCONTROL_REG_B                    ; CLOCK1               ; Untyped                                         ;
; ADDRESS_REG_B                      ; CLOCK1               ; Untyped                                         ;
; OUTDATA_REG_B                      ; UNREGISTERED         ; Untyped                                         ;
; BYTEENA_REG_B                      ; CLOCK1               ; Untyped                                         ;
; INDATA_ACLR_B                      ; NONE                 ; Untyped                                         ;
; WRCONTROL_ACLR_B                   ; NONE                 ; Untyped                                         ;
; ADDRESS_ACLR_B                     ; NONE                 ; Untyped                                         ;
; OUTDATA_ACLR_B                     ; NONE                 ; Untyped                                         ;
; RDCONTROL_ACLR_B                   ; NONE                 ; Untyped                                         ;
; BYTEENA_ACLR_B                     ; NONE                 ; Untyped                                         ;
; WIDTH_BYTEENA_A                    ; 1                    ; Signed Integer                                  ;
; WIDTH_BYTEENA_B                    ; 1                    ; Untyped                                         ;
; RAM_BLOCK_TYPE                     ; AUTO                 ; Untyped                                         ;
; BYTE_SIZE                          ; 8                    ; Untyped                                         ;
; READ_DURING_WRITE_MODE_MIXED_PORTS ; DONT_CARE            ; Untyped                                         ;
; READ_DURING_WRITE_MODE_PORT_A      ; NEW_DATA_NO_NBE_READ ; Untyped                                         ;
; READ_DURING_WRITE_MODE_PORT_B      ; NEW_DATA_NO_NBE_READ ; Untyped                                         ;
; INIT_FILE                          ; ram_16_32_sr.mif     ; Untyped                                         ;
; INIT_FILE_LAYOUT                   ; PORT_A               ; Untyped                                         ;
; MAXIMUM_DEPTH                      ; 0                    ; Untyped                                         ;
; CLOCK_ENABLE_INPUT_A               ; BYPASS               ; Untyped                                         ;
; CLOCK_ENABLE_INPUT_B               ; NORMAL               ; Untyped                                         ;
; CLOCK_ENABLE_OUTPUT_A              ; BYPASS               ; Untyped                                         ;
; CLOCK_ENABLE_OUTPUT_B              ; NORMAL               ; Untyped                                         ;
; CLOCK_ENABLE_CORE_A                ; USE_INPUT_CLKEN      ; Untyped                                         ;
; CLOCK_ENABLE_CORE_B                ; USE_INPUT_CLKEN      ; Untyped                                         ;
; ENABLE_ECC                         ; FALSE                ; Untyped                                         ;
; ECC_PIPELINE_STAGE_ENABLED         ; FALSE                ; Untyped                                         ;
; WIDTH_ECCSTATUS                    ; 3                    ; Untyped                                         ;
; DEVICE_FAMILY                      ; Cyclone IV E         ; Untyped                                         ;
; CBXI_PARAMETER                     ; altsyncram_7ji1      ; Untyped                                         ;
+------------------------------------+----------------------+-------------------------------------------------+
Note: In order to hide this table in the UI and the text report file, please set the "Show Parameter Settings in Synthesis Report" option in "Analysis and Synthesis Settings -> More Settings" to "Off".


+------------------------------------------------------------------------------------------------------------+
; altsyncram Parameter Settings by Entity Instance                                                           ;
+-------------------------------------------+----------------------------------------------------------------+
; Name                                      ; Value                                                          ;
+-------------------------------------------+----------------------------------------------------------------+
; Number of entity instances                ; 1                                                              ;
; Entity Instance                           ; ram_16_32_sr:ram_16_32_sr_inst|altsyncram:altsyncram_component ;
;     -- OPERATION_MODE                     ; SINGLE_PORT                                                    ;
;     -- WIDTH_A                            ; 16                                                             ;
;     -- NUMWORDS_A                         ; 32                                                             ;
;     -- OUTDATA_REG_A                      ; UNREGISTERED                                                   ;
;     -- WIDTH_B                            ; 1                                                              ;
;     -- NUMWORDS_B                         ; 1                                                              ;
;     -- ADDRESS_REG_B                      ; CLOCK1                                                         ;
;     -- OUTDATA_REG_B                      ; UNREGISTERED                                                   ;
;     -- RAM_BLOCK_TYPE                     ; AUTO                                                           ;
;     -- READ_DURING_WRITE_MODE_MIXED_PORTS ; DONT_CARE                                                      ;
+-------------------------------------------+----------------------------------------------------------------+


+------------------------------------------------------------+
; Port Connectivity Checks: "ram_16_32_sr:ram_16_32_sr_inst" ;
+------+-------+----------+----------------------------------+
; Port ; Type  ; Severity ; Details                          ;
+------+-------+----------+----------------------------------+
; data ; Input ; Info     ; Stuck at GND                     ;
; wren ; Input ; Info     ; Stuck at GND                     ;
+------+-------+----------+----------------------------------+


+-------------------------------+
; Elapsed Time Per Partition    ;
+----------------+--------------+
; Partition Name ; Elapsed Time ;
+----------------+--------------+
; Top            ; 00:00:00     ;
+----------------+--------------+


+-------------------------------+
; Analysis & Synthesis Messages ;
+-------------------------------+
Info: *******************************************************************
Info: Running Quartus II 64-Bit Analysis & Synthesis
    Info: Version 13.1.0 Build 162 10/23/2013 SJ Full Version
    Info: Processing started: Tue May 09 15:53:58 2017
Info: Command: quartus_map --read_settings_files=on --write_settings_files=off spi -c spi
Info (11104): Parallel Compilation has detected 4 hyper-threaded processors. However, the extra hyper-threaded processors will not be used by default. Parallel Compilation will use 2 of the 2 physical processors detected instead.
Info (12021): Found 1 design units, including 1 entities, in source file /verilog/project/spi/design/spi_ctrl.v
    Info (12023): Found entity 1: spi_ctrl
Info (12021): Found 1 design units, including 1 entities, in source file ipcore_dir/ram_16_32_sr.v
    Info (12023): Found entity 1: ram_16_32_sr
Info (12127): Elaborating entity "spi_ctrl" for the top level hierarchy
Warning (10230): Verilog HDL assignment warning at spi_ctrl.v(110): truncated value with size 5 to match size of target (1)
Info (12128): Elaborating entity "ram_16_32_sr" for hierarchy "ram_16_32_sr:ram_16_32_sr_inst"
Info (12128): Elaborating entity "altsyncram" for hierarchy "ram_16_32_sr:ram_16_32_sr_inst|altsyncram:altsyncram_component"
Info (12130): Elaborated megafunction instantiation "ram_16_32_sr:ram_16_32_sr_inst|altsyncram:altsyncram_component"
Info (12133): Instantiated megafunction "ram_16_32_sr:ram_16_32_sr_inst|altsyncram:altsyncram_component" with the following parameter:
    Info (12134): Parameter "clock_enable_input_a" = "BYPASS"
    Info (12134): Parameter "clock_enable_output_a" = "BYPASS"
    Info (12134): Parameter "init_file" = "ram_16_32_sr.mif"
    Info (12134): Parameter "intended_device_family" = "Cyclone IV E"
    Info (12134): Parameter "lpm_hint" = "ENABLE_RUNTIME_MOD=NO"
    Info (12134): Parameter "lpm_type" = "altsyncram"
    Info (12134): Parameter "numwords_a" = "32"
    Info (12134): Parameter "operation_mode" = "SINGLE_PORT"
    Info (12134): Parameter "outdata_aclr_a" = "NONE"
    Info (12134): Parameter "outdata_reg_a" = "UNREGISTERED"
    Info (12134): Parameter "power_up_uninitialized" = "FALSE"
    Info (12134): Parameter "read_during_write_mode_port_a" = "NEW_DATA_NO_NBE_READ"
    Info (12134): Parameter "widthad_a" = "5"
    Info (12134): Parameter "width_a" = "16"
    Info (12134): Parameter "width_byteena_a" = "1"
Info (12021): Found 1 design units, including 1 entities, in source file db/altsyncram_7ji1.tdf
    Info (12023): Found entity 1: altsyncram_7ji1
Info (12128): Elaborating entity "altsyncram_7ji1" for hierarchy "ram_16_32_sr:ram_16_32_sr_inst|altsyncram:altsyncram_component|altsyncram_7ji1:auto_generated"
Info (13000): Registers with preset signals will power-up high
Info (13003): DEV_CLRn pin will set, and not reset, register with preset signal due to NOT Gate Push-Back
Info (286030): Timing-Driven Synthesis is running
Info (16010): Generating hard_block partition "hard_block:auto_generated_inst"
    Info (16011): Adding 0 node(s), including 0 DDIO, 0 PLL, 0 transceiver and 0 LCELL
Warning (21074): Design contains 1 input pin(s) that do not drive logic
    Warning (15610): No output dependent on input pin "spi_sdo"
Info (21057): Implemented 86 device resources after synthesis - the final resource count might be different
    Info (21058): Implemented 4 input pins
    Info (21059): Implemented 4 output pins
    Info (21061): Implemented 62 logic cells
    Info (21064): Implemented 16 RAM segments
Info: Quartus II 64-Bit Analysis & Synthesis was successful. 0 errors, 3 warnings
    Info: Peak virtual memory: 483 megabytes
    Info: Processing ended: Tue May 09 15:54:00 2017
    Info: Elapsed time: 00:00:02
    Info: Total CPU time (on all processors): 00:00:01


